<?xml version="1.0" encoding="UTF-8"?>
<!-- Generated by org.testng.reporters.JUnitXMLReporter -->
<testsuite hostname="DESKTOP-U4CKM24" ignored="4" name="TestNg" tests="2" failures="0" timestamp="18 Nov 2021 16:20:33 GMT" time="0.049" errors="0">
  <testcase name="firstApple" time="0.016" classname="testNG.GroupTest"/>
  <testcase name="firstSamsung" time="0.004" classname="testNG.GroupTest"/>
  <testcase name="firstMI" time="0.0" classname="testNG.GroupTest">
    <ignored/>
  </testcase> <!-- firstMI -->
  <testcase name="secondMI" time="0.0" classname="testNG.GroupTest">
    <ignored/>
  </testcase> <!-- secondMI -->
  <testcase name="secondSamsung" time="0.0" classname="testNG.GroupTest">
    <ignored/>
  </testcase> <!-- secondSamsung -->
  <testcase name="secondApple" time="0.0" classname="testNG.GroupTest">
    <ignored/>
  </testcase> <!-- secondApple -->
</testsuite> <!-- TestNg -->
