<?xml version="1.0" encoding="UTF-8"?>
<!-- Generated by org.testng.reporters.JUnitXMLReporter -->
<testsuite hostname="DESKTOP-U4CKM24" ignored="0" name="Test" tests="3" failures="0" timestamp="06 Dec 2021 16:30:24 GMT" time="36.136" errors="0">
  <testcase name="openBIng" time="36.076" classname="testNG.ExtentReport"/>
  <testcase name="openYahoo" time="36.076" classname="testNG.ExtentReport"/>
  <testcase name="openGoogle" time="36.079" classname="testNG.ExtentReport"/>
</testsuite> <!-- Test -->
