<?xml version="1.0" encoding="UTF-8"?>
<!-- Generated by org.testng.reporters.JUnitXMLReporter -->
<testsuite hostname="DESKTOP-U4CKM24" ignored="0" name="Default test" tests="3" failures="0" timestamp="06 Dec 2021 16:26:43 GMT" time="25.301" errors="0">
  <testcase name="openBIng" time="11.299" classname="testNG.ExtentReport"/>
  <testcase name="openGoogle" time="7.056" classname="testNG.ExtentReport"/>
  <testcase name="openYahoo" time="6.916" classname="testNG.ExtentReport"/>
</testsuite> <!-- Default test -->
